<?xml version="1.0" encoding="UTF-8"?>
<!-- Generated by org.testng.reporters.JUnitReportReporter -->
<testsuite hostname="rupesh" failures="0" tests="1" name="com.netcore.qa.testcases.searchPageTest" time="24.506" errors="0" timestamp="28 Aug 2020 08:40:43 GMT">
  <testcase classname="com.netcore.qa.testcases.searchPageTest" name="searchProductTest" time="24.506"/>
</testsuite> <!-- com.netcore.qa.testcases.searchPageTest -->
